2025-10-02 14:55:02 - INFO - Updated 166 rows:
2025-10-02 14:55:02 - INFO - Amsterdam
2025-10-02 14:55:02 - INFO - Ardkeen
2025-10-02 14:55:02 - INFO - Athens
2025-10-02 14:55:02 - INFO - Balgrochan
2025-10-02 14:55:02 - INFO - Ballycarry
2025-10-02 14:55:02 - INFO - Ballygowan
2025-10-02 14:55:02 - INFO - Balmoral
2025-10-02 14:55:02 - INFO - Bangor
2025-10-02 14:55:02 - INFO - Barcelona
2025-10-02 14:55:02 - INFO - Bardowie
2025-10-02 14:55:02 - INFO - Belfast
2025-10-02 14:55:02 - INFO - Belvedere
2025-10-02 14:55:02 - INFO - Berlin
2025-10-02 14:55:02 - INFO - Bexley
2025-10-02 14:55:02 - INFO - Blairskaith
2025-10-02 14:55:02 - INFO - Buchley
2025-10-02 14:55:02 - INFO - Buckie
2025-10-02 14:55:02 - INFO - Budapest
2025-10-02 14:55:02 - INFO - Canonbury
2025-10-02 14:55:02 - INFO - Cork
2025-10-02 14:55:02 - INFO - Crawfordsburn
2025-10-02 14:55:02 - INFO - Cullen
2025-10-02 14:55:02 - INFO - Cunningburn
2025-10-02 14:55:02 - INFO - Drumhirk
2025-10-02 14:55:02 - INFO - Dublin
2025-10-02 14:55:02 - INFO - East Grinstead
2025-10-02 14:55:02 - INFO - Eden
2025-10-02 14:55:02 - INFO - Elgin
2025-10-02 14:55:02 - INFO - Finaghy
2025-10-02 14:55:02 - INFO - Fluchter
2025-10-02 14:55:02 - INFO - Greencastle
2025-10-02 14:55:02 - INFO - Greenisland
2025-10-02 14:55:02 - INFO - Haverhill
2025-10-02 14:55:02 - INFO - Hayston
2025-10-02 14:55:02 - INFO - Kearney
2025-10-02 14:55:02 - INFO - Keith
2025-10-02 14:55:02 - INFO - Kenilworth
2025-10-02 14:55:02 - INFO - Kilroot
2025-10-02 14:55:02 - INFO - Kirkistown
2025-10-02 14:55:02 - INFO - Knight's Hill
2025-10-02 14:55:02 - INFO - Knock
2025-10-02 14:55:02 - INFO - Knockandhu
2025-10-02 14:55:02 - INFO - Knockando
2025-10-02 14:55:02 - INFO - Knockbog
2025-10-02 14:55:02 - INFO - Legoniel
2025-10-02 14:55:02 - INFO - Lintmill
2025-10-02 14:55:02 - INFO - Lisbon
2025-10-02 14:55:02 - INFO - Lisson Grove
2025-10-02 14:55:02 - INFO - Llanarmon Dyffryn ...
2025-10-02 14:55:02 - INFO - Llwydarth
2025-10-02 14:55:02 - INFO - Lochhill
2025-10-02 14:55:02 - INFO - London
2025-10-02 14:55:02 - INFO - Madrid
2025-10-02 14:55:02 - INFO - Marylebone
2025-10-02 14:55:02 - INFO - Milan
2025-10-02 14:55:02 - INFO - Mill Street
2025-10-02 14:55:02 - INFO - Millersneuk
2025-10-02 14:55:02 - INFO - Milton
2025-10-02 14:55:02 - INFO - Moreton Paddox
2025-10-02 14:55:02 - INFO - Moss
2025-10-02 14:55:02 - INFO - Moss Of Barmuckity
2025-10-02 14:55:02 - INFO - Moulton
2025-10-02 14:55:02 - INFO - Mount Pleasant
2025-10-02 14:55:02 - INFO - Mount Sion
2025-10-02 14:55:02 - INFO - Munich
2025-10-02 14:55:02 - INFO - Myton
2025-10-02 14:55:02 - INFO - Neal's Green
2025-10-02 14:55:02 - INFO - Nethermills
2025-10-02 14:55:02 - INFO - New Brighton
2025-10-02 14:55:02 - INFO - New York
2025-10-02 14:55:02 - INFO - Newbridge
2025-10-02 14:55:02 - INFO - Newnham
2025-10-02 14:55:02 - INFO - Newton
2025-10-02 14:55:02 - INFO - Newtown
2025-10-02 14:55:02 - INFO - North End
2025-10-02 14:55:02 - INFO - North Green
2025-10-02 14:55:02 - INFO - Norton
2025-10-02 14:55:02 - INFO - Norton Lindsey
2025-10-02 14:55:02 - INFO - Nottage
2025-10-02 14:55:02 - INFO - Nuneaton
2025-10-02 14:55:02 - INFO - Nutfield
2025-10-02 14:55:02 - INFO - Oak Hill
2025-10-02 14:55:02 - INFO - Oakley
2025-10-02 14:55:02 - INFO - Oakley Park
2025-10-02 14:55:02 - INFO - Old Bexley
2025-10-02 14:55:02 - INFO - Old Country
2025-10-02 14:55:02 - INFO - Old Forge
2025-10-02 14:55:02 - INFO - Old Gore
2025-10-02 14:55:02 - INFO - Old Wharf
2025-10-02 14:55:02 - INFO - Oldhall Green
2025-10-02 14:55:02 - INFO - Ormeau
2025-10-02 14:55:02 - INFO - Oslo
2025-10-02 14:55:02 - INFO - Oulton Broad
2025-10-02 14:55:02 - INFO - Overton
2025-10-02 14:55:02 - INFO - Oxgang
2025-10-02 14:55:02 - INFO - Pachesham Park
2025-10-02 14:55:02 - INFO - Paddington
2025-10-02 14:55:02 - INFO - Page's Green
2025-10-02 14:55:02 - INFO - Pains Hill
2025-10-02 14:55:02 - INFO - Pakefield
2025-10-02 14:55:02 - INFO - Palermo
2025-10-02 14:55:02 - INFO - Pandy
2025-10-02 14:55:02 - INFO - Pant-Y-Pyllau
2025-10-02 14:55:02 - INFO - Pant-Yr-Awel
2025-10-02 14:55:02 - INFO - Paris
2025-10-02 14:55:02 - INFO - Park Lane
2025-10-02 14:55:02 - INFO - Parkside
2025-10-02 14:55:02 - INFO - Parkway
2025-10-02 14:55:02 - INFO - Parliament Heath
2025-10-02 14:55:02 - INFO - Parton
2025-10-02 14:55:02 - INFO - Peartree Green
2025-10-02 14:55:02 - INFO - Peasmarsh
2025-10-02 14:55:02 - INFO - Pen-Y-Park
2025-10-02 14:55:02 - INFO - Pen-Yr-Heol
2025-10-02 14:55:02 - INFO - Pencoed
2025-10-02 14:55:02 - INFO - Pencraig
2025-10-02 14:55:02 - INFO - Penprysg
2025-10-02 14:55:02 - INFO - Penrhiwceiber
2025-10-02 14:55:02 - INFO - Penrhiwfer
2025-10-02 14:55:02 - INFO - Pentre Cilgwyn
2025-10-02 14:55:02 - INFO - Perthcelyn
2025-10-02 14:55:02 - INFO - Pipe And Lyde
2025-10-02 14:55:02 - INFO - Pirbright
2025-10-02 14:55:02 - INFO - Pixley
2025-10-02 14:55:02 - INFO - Porth
2025-10-02 14:55:02 - INFO - Portway
2025-10-02 14:55:02 - INFO - Prague
2025-10-02 14:55:02 - INFO - Prey Heath
2025-10-02 14:55:02 - INFO - Pyecombe
2025-10-02 14:55:02 - INFO - Queens Island
2025-10-02 14:55:02 - INFO - Regent's Park
2025-10-02 14:55:02 - INFO - Rhondda
2025-10-02 14:55:02 - INFO - Robertstown
2025-10-02 14:55:02 - INFO - Rome
2025-10-02 14:55:02 - INFO - Rosebank
2025-10-02 14:55:02 - INFO - Russ Hill
2025-10-02 14:55:02 - INFO - Rydens
2025-10-02 14:55:02 - INFO - Shankill
2025-10-02 14:55:02 - INFO - Six Road Ends
2025-10-02 14:55:02 - INFO - Skegoniel
2025-10-02 14:55:02 - INFO - South Lambeth
2025-10-02 14:55:02 - INFO - Springfield
2025-10-02 14:55:02 - INFO - St James
2025-10-02 14:55:02 - INFO - St Luke's
2025-10-02 14:55:02 - INFO - Stockholm
2025-10-02 14:55:02 - INFO - Stormont
2025-10-02 14:55:02 - INFO - Strand
2025-10-02 14:55:02 - INFO - Streatham Vale
2025-10-02 14:55:02 - INFO - Sunbury
2025-10-02 14:55:02 - INFO - Taffs Well
2025-10-02 14:55:02 - INFO - Thomastown
2025-10-02 14:55:02 - INFO - Torrance
2025-10-02 14:55:02 - INFO - Tremains
2025-10-02 14:55:02 - INFO - Ty'n-Y-Garn
2025-10-02 14:55:02 - INFO - Tynant
2025-10-02 14:55:02 - INFO - Tynewydd
2025-10-02 14:55:02 - INFO - Upper Church Village
2025-10-02 14:55:02 - INFO - Warsaw
2025-10-02 14:55:02 - INFO - Welling
2025-10-02 14:55:02 - INFO - Whitehead
2025-10-02 14:55:02 - INFO - Whitehouse Lower
2025-10-02 14:55:02 - INFO - Whitehouse Upper
2025-10-02 14:55:02 - INFO - Williamstown
2025-10-02 14:55:02 - INFO - Windsor
2025-10-02 14:55:02 - INFO - Woodburn
2025-10-02 14:55:02 - INFO - Wyndham
